/*
	ASAP (Agglomerate Specimens by Automatic Processing)
	will delineate species in your dataset in a few moments.
	Remember that the final cut remains yours!
*/
> Passing parameters to ASAP
- file = /Users/ces/Documents/KU/Projects/Bronchocela/mtDNA data/species_delimit/02May2025/asap/Bron_90ND2_uncorrected_pdistance.csv
- dirfiles = /var/folders/kk/yfcztg1s6r986zb19tgc4ym00000gn/T/asap_sp9ew5x7/
- thedate = 2025-05-02T15:04:28
- nbBestAsap = 10
- imethode = 3
- seed_asap = -1
- asap_param.lenSeq = 875
- asap_param.replicates = 1000
- seuil_pvalue = 0.010000
- pond_pente = 0.100000
- ts_tv = 2.000000
- withallfiles = 1
- fmeg = 1

> Begin ASAP core:

assuming a distance matrix file. Reading the matrix
CVS MEGA X FILE
90 seq
done 10
End of matrix distance
  90 input sequences
> asap is building and testing all partitions
  > asap has finished building and testing all partitions
  > writing scores file
> asap is creating text and graphical output
> results were write
> asap computation times were:
   0m  0s to read file and compute distance
   0m  1s to compute and test all partitions
  --------------
   0m  1s total
